<?xml version="1.0" encoding="UTF-8"?>
<!-- Generated by org.testng.reporters.JUnitXMLReporter -->
<testsuite hostname="LAPTOP-8A20E688" name="Default test" tests="3" failures="0" timestamp="20 Sep 2021 12:28:32 GMT" time="67.184" errors="0">
  <testcase name="loginPageTitleTest" time="0.032" classname="com.flipkart.qa.testcases.LoginPageTest"/>
  <testcase name="flipKartLogoImageTest" time="0.201" classname="com.flipkart.qa.testcases.LoginPageTest"/>
  <testcase name="LoginTest" time="0.302" classname="com.flipkart.qa.testcases.LoginPageTest"/>
</testsuite> <!-- Default test -->
