<?xml version="1.0" encoding="UTF-8"?>
<!-- Generated by org.testng.reporters.JUnitXMLReporter -->
<testsuite hostname="LAPTOP-8A20E688" name="Flipkart App Test Cases" tests="9" failures="0" timestamp="6 Sep 2021 05:57:03 GMT" time="246.318" errors="0">
  <testcase name="verifyHelpWithYourIssueLinkTest" time="1.467" classname="com.flipkart.qa.testcases.HelpCenterPageTest"/>
  <testcase name="verifyContactsLinkTest" time="0.091" classname="com.flipkart.qa.testcases.HomePageTest"/>
  <testcase name="loginPageTitleTest" time="0.024" classname="com.flipkart.qa.testcases.LoginPageTest"/>
  <testcase name="verifyFlipkartPlusLinkTest" time="3.629" classname="com.flipkart.qa.testcases.HelpCenterPageTest"/>
  <testcase name="verifyCartNameTest" time="0.218" classname="com.flipkart.qa.testcases.HomePageTest"/>
  <testcase name="flipKartLogoImageTest" time="0.116" classname="com.flipkart.qa.testcases.LoginPageTest"/>
  <testcase name="verifyVivekNameTest" time="0.081" classname="com.flipkart.qa.testcases.HomePageTest"/>
  <testcase name="LoginTest" time="0.232" classname="com.flipkart.qa.testcases.LoginPageTest"/>
  <testcase name="verifyHomePageTitleTest" time="0.011" classname="com.flipkart.qa.testcases.HomePageTest"/>
</testsuite> <!-- Flipkart App Test Cases -->
