<?xml version="1.0" encoding="UTF-8"?>
<testng-results skipped="0" failed="0" total="3" passed="3">
  <reporter-output>
  </reporter-output>
  <suite name="Default suite" duration-ms="67184" started-at="2021-09-20T12:27:25Z" finished-at="2021-09-20T12:28:32Z">
    <groups>
    </groups>
    <test name="Default test" duration-ms="67184" started-at="2021-09-20T12:27:25Z" finished-at="2021-09-20T12:28:32Z">
      <class name="com.flipkart.qa.testcases.LoginPageTest">
        <test-method status="PASS" signature="setUp()[pri:0, instance:com.flipkart.qa.testcases.LoginPageTest@5700d6b1]" name="setUp" is-config="true" duration-ms="21099" started-at="2021-09-20T17:57:25Z" finished-at="2021-09-20T17:57:46Z">
          <reporter-output>
          </reporter-output>
        </test-method> <!-- setUp -->
        <test-method status="PASS" signature="loginPageTitleTest()[pri:1, instance:com.flipkart.qa.testcases.LoginPageTest@5700d6b1]" name="loginPageTitleTest" duration-ms="32" started-at="2021-09-20T17:57:46Z" finished-at="2021-09-20T17:57:46Z">
          <reporter-output>
          </reporter-output>
        </test-method> <!-- loginPageTitleTest -->
        <test-method status="PASS" signature="tearDown()[pri:0, instance:com.flipkart.qa.testcases.LoginPageTest@5700d6b1]" name="tearDown" is-config="true" duration-ms="2859" started-at="2021-09-20T17:57:46Z" finished-at="2021-09-20T17:57:49Z">
          <reporter-output>
          </reporter-output>
        </test-method> <!-- tearDown -->
        <test-method status="PASS" signature="setUp()[pri:0, instance:com.flipkart.qa.testcases.LoginPageTest@5700d6b1]" name="setUp" is-config="true" duration-ms="16100" started-at="2021-09-20T17:57:49Z" finished-at="2021-09-20T17:58:05Z">
          <reporter-output>
          </reporter-output>
        </test-method> <!-- setUp -->
        <test-method status="PASS" signature="flipKartLogoImageTest()[pri:2, instance:com.flipkart.qa.testcases.LoginPageTest@5700d6b1]" name="flipKartLogoImageTest" duration-ms="201" started-at="2021-09-20T17:58:05Z" finished-at="2021-09-20T17:58:05Z">
          <reporter-output>
          </reporter-output>
        </test-method> <!-- flipKartLogoImageTest -->
        <test-method status="PASS" signature="tearDown()[pri:0, instance:com.flipkart.qa.testcases.LoginPageTest@5700d6b1]" name="tearDown" is-config="true" duration-ms="3088" started-at="2021-09-20T17:58:05Z" finished-at="2021-09-20T17:58:08Z">
          <reporter-output>
          </reporter-output>
        </test-method> <!-- tearDown -->
        <test-method status="PASS" signature="setUp()[pri:0, instance:com.flipkart.qa.testcases.LoginPageTest@5700d6b1]" name="setUp" is-config="true" duration-ms="20734" started-at="2021-09-20T17:58:08Z" finished-at="2021-09-20T17:58:29Z">
          <reporter-output>
          </reporter-output>
        </test-method> <!-- setUp -->
        <test-method status="PASS" signature="LoginTest()[pri:3, instance:com.flipkart.qa.testcases.LoginPageTest@5700d6b1]" name="LoginTest" duration-ms="302" started-at="2021-09-20T17:58:29Z" finished-at="2021-09-20T17:58:29Z">
          <reporter-output>
          </reporter-output>
        </test-method> <!-- LoginTest -->
        <test-method status="PASS" signature="tearDown()[pri:0, instance:com.flipkart.qa.testcases.LoginPageTest@5700d6b1]" name="tearDown" is-config="true" duration-ms="2723" started-at="2021-09-20T17:58:29Z" finished-at="2021-09-20T17:58:32Z">
          <reporter-output>
          </reporter-output>
        </test-method> <!-- tearDown -->
      </class> <!-- com.flipkart.qa.testcases.LoginPageTest -->
    </test> <!-- Default test -->
  </suite> <!-- Default suite -->
</testng-results>
